module.js:472
    throw err;
    ^

Error: Cannot find module 'E:\Program Files\Git\root\ser\ext.js'
    at Function.Module._resolveFilename (module.js:470:15)
    at Function.Module._load (module.js:418:25)
    at Module.runMain (module.js:605:10)
    at run (bootstrap_node.js:425:7)
    at startup (bootstrap_node.js:146:9)
    at bootstrap_node.js:540:3
module.js:472
    throw err;
    ^

Error: Cannot find module 'E:\Program Files\Git\root\ser\ext.js'
    at Function.Module._resolveFilename (module.js:470:15)
    at Function.Module._load (module.js:418:25)
    at Module.runMain (module.js:605:10)
    at run (bootstrap_node.js:425:7)
    at startup (bootstrap_node.js:146:9)
    at bootstrap_node.js:540:3
module.js:472
    throw err;
    ^

Error: Cannot find module 'E:\Program Files\Git\root\ser\ext.js'
    at Function.Module._resolveFilename (module.js:470:15)
    at Function.Module._load (module.js:418:25)
    at Module.runMain (module.js:605:10)
    at run (bootstrap_node.js:425:7)
    at startup (bootstrap_node.js:146:9)
    at bootstrap_node.js:540:3
module.js:472
    throw err;
    ^

Error: Cannot find module 'E:\Program Files\Git\root\ser\ext.js'
    at Function.Module._resolveFilename (module.js:470:15)
    at Function.Module._load (module.js:418:25)
    at Module.runMain (module.js:605:10)
    at run (bootstrap_node.js:425:7)
    at startup (bootstrap_node.js:146:9)
    at bootstrap_node.js:540:3
